<?xml version="1.0" encoding="UTF-8"?>
<!-- Generated by org.testng.reporters.JUnitXMLReporter -->
<testsuite ignored="0" hostname="amr016-HP-ProBook-430-G1" failures="0" tests="9" name="Test2" time="0.032" errors="0" timestamp="2021-08-10T12:13:37 IST">
  <testcase classname="Package2.class1" name="method1" time="0.001"/>
  <testcase classname="Package2.class1" name="method2" time="0.002"/>
  <testcase classname="Package2.class1" name="method3" time="0.002"/>
  <testcase classname="Package2.class2" name="method1" time="0.001"/>
  <testcase classname="Package2.class2" name="method2" time="0.001"/>
  <testcase classname="Package2.class2" name="method3" time="0.001"/>
  <testcase classname="Package2.class3" name="method1" time="0.001"/>
  <testcase classname="Package2.class3" name="method2" time="0.001"/>
  <testcase classname="Package2.class3" name="method3" time="0.001"/>
</testsuite> <!-- Test2 -->
