<?xml version="1.0" encoding="UTF-8"?>
<testng-results ignored="0" total="18" passed="18" failed="0" skipped="0">
  <reporter-output>
  </reporter-output>
  <suite started-at="2021-08-10T12:13:37 IST" name="Suite" finished-at="2021-08-10T12:13:37 IST" duration-ms="237">
    <groups>
    </groups>
    <test started-at="2021-08-10T12:13:37 IST" name="Test1" finished-at="2021-08-10T12:13:37 IST" duration-ms="116">
      <class name="Package1.class3">
        <test-method signature="method1()[pri:0, instance:Package1.class3@2f177a4b]" started-at="2021-08-10T12:13:37 IST" name="method1" finished-at="2021-08-10T12:13:37 IST" duration-ms="1" status="PASS">
          <reporter-output>
          </reporter-output>
        </test-method> <!-- method1 -->
        <test-method signature="method2()[pri:0, instance:Package1.class3@2f177a4b]" started-at="2021-08-10T12:13:37 IST" name="method2" finished-at="2021-08-10T12:13:37 IST" duration-ms="2" status="PASS">
          <reporter-output>
          </reporter-output>
        </test-method> <!-- method2 -->
        <test-method signature="method3()[pri:0, instance:Package1.class3@2f177a4b]" started-at="2021-08-10T12:13:37 IST" name="method3" finished-at="2021-08-10T12:13:37 IST" duration-ms="1" status="PASS">
          <reporter-output>
          </reporter-output>
        </test-method> <!-- method3 -->
      </class> <!-- Package1.class3 -->
      <class name="Package1.class1">
        <test-method is-config="true" signature="beforetest()[pri:0, instance:Package1.class1@4c1d9d4b]" started-at="2021-08-10T12:13:37 IST" name="beforetest" finished-at="2021-08-10T12:13:37 IST" duration-ms="13" status="PASS">
          <reporter-output>
          </reporter-output>
        </test-method> <!-- beforetest -->
        <test-method is-config="true" signature="beforeclass()[pri:0, instance:Package1.class1@4c1d9d4b]" started-at="2021-08-10T12:13:37 IST" name="beforeclass" finished-at="2021-08-10T12:13:37 IST" duration-ms="1" status="PASS">
          <reporter-output>
          </reporter-output>
        </test-method> <!-- beforeclass -->
        <test-method signature="method1()[pri:0, instance:Package1.class1@4c1d9d4b]" started-at="2021-08-10T12:13:37 IST" name="method1" finished-at="2021-08-10T12:13:37 IST" duration-ms="12" status="PASS">
          <reporter-output>
          </reporter-output>
        </test-method> <!-- method1 -->
        <test-method signature="method2()[pri:0, instance:Package1.class1@4c1d9d4b]" started-at="2021-08-10T12:13:37 IST" name="method2" finished-at="2021-08-10T12:13:37 IST" duration-ms="2" status="PASS">
          <reporter-output>
          </reporter-output>
        </test-method> <!-- method2 -->
        <test-method signature="method3()[pri:0, instance:Package1.class1@4c1d9d4b]" started-at="2021-08-10T12:13:37 IST" name="method3" finished-at="2021-08-10T12:13:37 IST" duration-ms="2" status="PASS">
          <reporter-output>
          </reporter-output>
        </test-method> <!-- method3 -->
        <test-method is-config="true" signature="afterclass()[pri:0, instance:Package1.class1@4c1d9d4b]" started-at="2021-08-10T12:13:37 IST" name="afterclass" finished-at="2021-08-10T12:13:37 IST" duration-ms="0" status="PASS">
          <reporter-output>
          </reporter-output>
        </test-method> <!-- afterclass -->
        <test-method is-config="true" signature="aftertest()[pri:0, instance:Package1.class1@4c1d9d4b]" started-at="2021-08-10T12:13:37 IST" name="aftertest" finished-at="2021-08-10T12:13:37 IST" duration-ms="1" status="PASS">
          <reporter-output>
          </reporter-output>
        </test-method> <!-- aftertest -->
      </class> <!-- Package1.class1 -->
      <class name="Package1.class2">
        <test-method signature="method1()[pri:0, instance:Package1.class2@2928854b]" started-at="2021-08-10T12:13:37 IST" name="method1" finished-at="2021-08-10T12:13:37 IST" duration-ms="2" status="PASS">
          <reporter-output>
          </reporter-output>
        </test-method> <!-- method1 -->
        <test-method signature="method2()[pri:0, instance:Package1.class2@2928854b]" started-at="2021-08-10T12:13:37 IST" name="method2" finished-at="2021-08-10T12:13:37 IST" duration-ms="2" status="PASS">
          <reporter-output>
          </reporter-output>
        </test-method> <!-- method2 -->
        <test-method signature="method3()[pri:0, instance:Package1.class2@2928854b]" started-at="2021-08-10T12:13:37 IST" name="method3" finished-at="2021-08-10T12:13:37 IST" duration-ms="2" status="PASS">
          <reporter-output>
          </reporter-output>
        </test-method> <!-- method3 -->
      </class> <!-- Package1.class2 -->
    </test> <!-- Test1 -->
    <test started-at="2021-08-10T12:13:37 IST" name="Test2" finished-at="2021-08-10T12:13:37 IST" duration-ms="32">
      <class name="Package2.class1">
        <test-method signature="method1()[pri:0, instance:Package2.class1@20d28811]" started-at="2021-08-10T12:13:37 IST" name="method1" finished-at="2021-08-10T12:13:37 IST" duration-ms="1" status="PASS">
          <reporter-output>
          </reporter-output>
        </test-method> <!-- method1 -->
        <test-method signature="method2()[pri:0, instance:Package2.class1@20d28811]" started-at="2021-08-10T12:13:37 IST" name="method2" finished-at="2021-08-10T12:13:37 IST" duration-ms="2" status="PASS">
          <reporter-output>
          </reporter-output>
        </test-method> <!-- method2 -->
        <test-method signature="method3()[pri:0, instance:Package2.class1@20d28811]" started-at="2021-08-10T12:13:37 IST" name="method3" finished-at="2021-08-10T12:13:37 IST" duration-ms="2" status="PASS">
          <reporter-output>
          </reporter-output>
        </test-method> <!-- method3 -->
      </class> <!-- Package2.class1 -->
      <class name="Package2.class3">
        <test-method signature="method1()[pri:0, instance:Package2.class3@60d8c9b7]" started-at="2021-08-10T12:13:37 IST" name="method1" finished-at="2021-08-10T12:13:37 IST" duration-ms="1" status="PASS">
          <reporter-output>
          </reporter-output>
        </test-method> <!-- method1 -->
        <test-method signature="method2()[pri:0, instance:Package2.class3@60d8c9b7]" started-at="2021-08-10T12:13:37 IST" name="method2" finished-at="2021-08-10T12:13:37 IST" duration-ms="1" status="PASS">
          <reporter-output>
          </reporter-output>
        </test-method> <!-- method2 -->
        <test-method signature="method3()[pri:0, instance:Package2.class3@60d8c9b7]" started-at="2021-08-10T12:13:37 IST" name="method3" finished-at="2021-08-10T12:13:37 IST" duration-ms="1" status="PASS">
          <reporter-output>
          </reporter-output>
        </test-method> <!-- method3 -->
      </class> <!-- Package2.class3 -->
      <class name="Package2.class2">
        <test-method signature="method1()[pri:0, instance:Package2.class2@3967e60c]" started-at="2021-08-10T12:13:37 IST" name="method1" finished-at="2021-08-10T12:13:37 IST" duration-ms="1" status="PASS">
          <reporter-output>
          </reporter-output>
        </test-method> <!-- method1 -->
        <test-method signature="method2()[pri:0, instance:Package2.class2@3967e60c]" started-at="2021-08-10T12:13:37 IST" name="method2" finished-at="2021-08-10T12:13:37 IST" duration-ms="1" status="PASS">
          <reporter-output>
          </reporter-output>
        </test-method> <!-- method2 -->
        <test-method signature="method3()[pri:0, instance:Package2.class2@3967e60c]" started-at="2021-08-10T12:13:37 IST" name="method3" finished-at="2021-08-10T12:13:37 IST" duration-ms="1" status="PASS">
          <reporter-output>
          </reporter-output>
        </test-method> <!-- method3 -->
      </class> <!-- Package2.class2 -->
    </test> <!-- Test2 -->
  </suite> <!-- Suite -->
</testng-results>
